<?xml version="1.0" encoding="UTF-8"?>
<Site BuildName="(empty)"
	BuildStamp="20240731-1159-Experimental"
	Name="robocon"
	Generator="ctest-3.16.3"
	CompilerName="/usr/bin/g++"
	CompilerVersion="9.4.0"
	OSName="Linux"
	Hostname="robocon"
	OSRelease="5.15.0-117-generic"
	OSVersion="#127~20.04.1-Ubuntu SMP Thu Jul 11 15:36:12 UTC 2024"
	OSPlatform="x86_64"
	Is64Bits="1"
	VendorString="GenuineIntel"
	VendorID="Intel Corporation"
	FamilyID="6"
	ModelID="141"
	ProcessorCacheSize="24576"
	NumberOfLogicalCPU="16"
	NumberOfPhysicalCPU="8"
	TotalVirtualMemory="2047"
	TotalPhysicalMemory="15731"
	LogicalProcessorsPerPhysical="2"
	ProcessorClockFrequency="3590.83"
	>
	<Testing>
		<StartDateTime>Aug 01 02:55 +08</StartDateTime>
		<StartTestTime>1722452143</StartTestTime>
		<TestList/>
		<EndDateTime>Aug 01 02:55 +08</EndDateTime>
		<EndTestTime>1722452143</EndTestTime>
		<ElapsedMinutes>0</ElapsedMinutes>
	</Testing>
</Site>
