<?xml version="1.0" encoding="UTF-8"?>
<Site BuildName="(empty)"
	BuildStamp="20240721-0403-Experimental"
	Name="robocon"
	Generator="ctest-3.16.3"
	CompilerName="/usr/bin/g++"
	CompilerVersion="9.4.0"
	OSName="Linux"
	Hostname="robocon"
	OSRelease="5.15.0-116-generic"
	OSVersion="#126~20.04.1-Ubuntu SMP Mon Jul 1 15:40:07 UTC 2024"
	OSPlatform="x86_64"
	Is64Bits="1"
	VendorString="GenuineIntel"
	VendorID="Intel Corporation"
	FamilyID="6"
	ModelID="141"
	ProcessorCacheSize="24576"
	NumberOfLogicalCPU="16"
	NumberOfPhysicalCPU="8"
	TotalVirtualMemory="2047"
	TotalPhysicalMemory="15731"
	LogicalProcessorsPerPhysical="2"
	ProcessorClockFrequency="2084.36"
	>
	<Testing>
		<StartDateTime>Jul 21 21:27 +08</StartDateTime>
		<StartTestTime>1721568424</StartTestTime>
		<TestList/>
		<EndDateTime>Jul 21 21:27 +08</EndDateTime>
		<EndTestTime>1721568424</EndTestTime>
		<ElapsedMinutes>0</ElapsedMinutes>
	</Testing>
</Site>
