<?xml version="1.0" encoding="UTF-8"?>
<Site BuildName="(empty)"
	BuildStamp="20240622-0155-Experimental"
	Name="robocon"
	Generator="ctest-3.16.3"
	CompilerName="/usr/bin/g++"
	CompilerVersion="9.4.0"
	OSName="Linux"
	Hostname="robocon"
	OSRelease="5.15.0-107-generic"
	OSVersion="#117~20.04.1-Ubuntu SMP Tue Apr 30 10:35:57 UTC 2024"
	OSPlatform="x86_64"
	Is64Bits="1"
	VendorString="GenuineIntel"
	VendorID="Intel Corporation"
	FamilyID="6"
	ModelID="141"
	ProcessorCacheSize="24576"
	NumberOfLogicalCPU="16"
	NumberOfPhysicalCPU="8"
	TotalVirtualMemory="2047"
	TotalPhysicalMemory="15731"
	LogicalProcessorsPerPhysical="2"
	ProcessorClockFrequency="1804.57"
	>
	<Testing>
		<StartDateTime>Jun 22 16:33 +08</StartDateTime>
		<StartTestTime>1719045203</StartTestTime>
		<TestList/>
		<EndDateTime>Jun 22 16:33 +08</EndDateTime>
		<EndTestTime>1719045203</EndTestTime>
		<ElapsedMinutes>0</ElapsedMinutes>
	</Testing>
</Site>
